Arguments: 
  C:\Program Files\nodejs\node.exe C:\Users\azasa\AppData\Roaming\npm\node_modules\yarn\bin\yarn.js add dayks firebase tailwind-rn react-native-stories-view

PATH: 
  C:\Python311\Scripts\;C:\Python311\;C:\Python27;C:\Windows\system32;C:\Windows;C:\Windows\System32\Wbem;C:\Windows\System32\WindowsPowerShell\v1.0\;C:\Windows\System32\OpenSSH\;C:\ProgramData\chocolatey\bin;C:\Program Files\Git\cmd;C:\Program Files\Docker\Docker\resources\bin;C:\ProgramData\DockerDesktop\version-bin;C:\Program Files\nodejs\;C:\Python27;C:\Users\azasa\AppData\Local\GitHubDesktop\bin;C:\Program Files\JetBrains\WebStorm 2022.1\bin;;C:\Program Files (x86)\BrowserStackLocal\;C:\Users\azasa\AppData\Roaming\npm;C:\Users\azasa\projects\mobile\tinkoff-copy\node_modules\.bin

Yarn version: 
  1.22.19

Node version: 
  16.13.0

Platform: 
  win32 x64

Trace: 
  Error: https://registry.yarnpkg.com/dayks: Not found
      at Request.params.callback [as _callback] (C:\Users\azasa\AppData\Roaming\npm\node_modules\yarn\lib\cli.js:66145:18)
      at Request.self.callback (C:\Users\azasa\AppData\Roaming\npm\node_modules\yarn\lib\cli.js:140890:22)
      at Request.emit (node:events:390:28)
      at Request.<anonymous> (C:\Users\azasa\AppData\Roaming\npm\node_modules\yarn\lib\cli.js:141862:10)
      at Request.emit (node:events:390:28)
      at IncomingMessage.<anonymous> (C:\Users\azasa\AppData\Roaming\npm\node_modules\yarn\lib\cli.js:141784:12)
      at Object.onceWrapper (node:events:509:28)
      at IncomingMessage.emit (node:events:402:35)
      at endReadableNT (node:internal/streams/readable:1343:12)
      at processTicksAndRejections (node:internal/process/task_queues:83:21)

npm manifest: 
  {
    "name": "tinkoff-copy",
    "version": "1.0.0",
    "main": "node_modules/expo/AppEntry.js",
    "scripts": {
      "start": "expo start",
      "android": "expo start --android",
      "ios": "expo start --ios",
      "web": "expo start --web"
    },
    "dependencies": {
      "expo": "~46.0.16",
      "expo-status-bar": "~1.4.0",
      "react": "18.0.0",
      "react-dom": "18.0.0",
      "react-native": "0.69.6",
      "react-native-web": "~0.18.7",
      "expo-linear-gradient": "~11.4.0"
    },
    "devDependencies": {
      "@babel/core": "^7.12.9",
      "@types/react": "~18.0.14",
      "@types/react-native": "~0.69.1",
      "typescript": "~4.3.5"
    },
    "private": true
  }

yarn manifest: 
  No manifest

Lockfile: 
  No lockfile
